have_header: checking for sqlite3.h... -------------------- yes

"gcc -o conftest -I/home/papaya/.rbenv/versions/1.9.3-p448/include/ruby-1.9.1/i686-linux -I/home/papaya/.rbenv/versions/1.9.3-p448/include/ruby-1.9.1/ruby/backward -I/home/papaya/.rbenv/versions/1.9.3-p448/include/ruby-1.9.1 -I. -I/usr/local/include -I/opt/local/include -I/usr/include -I/home/papaya/.rbenv/versions/1.9.3-p448/include  -D_FILE_OFFSET_BITS=64 -I/home/papaya/.rbenv/versions/1.9.3-p448/include   -O3 -ggdb -Wall -Wextra -Wno-unused-parameter -Wno-parentheses -Wno-long-long -Wno-missing-field-initializers -Wpointer-arith -Wwrite-strings -Wdeclaration-after-statement -Wimplicit-function-declaration -Wall  -DHAVE_NO_DATETIME_NEWBANG conftest.c  -L. -L/home/papaya/.rbenv/versions/1.9.3-p448/lib -Wl,-R/home/papaya/.rbenv/versions/1.9.3-p448/lib -L/usr/local/lib -Wl,-R/usr/local/lib -L/opt/local/lib -Wl,-R/opt/local/lib -L/usr/lib -Wl,-R/usr/lib -L. -L/home/papaya/.rbenv/versions/1.9.3-p448/lib  -rdynamic -Wl,-export-dynamic     -Wl,-R -Wl,/home/papaya/.rbenv/versions/1.9.3-p448/lib -L/home/papaya/.rbenv/versions/1.9.3-p448/lib -lruby-static  -lpthread -lrt -ldl -lcrypt -lm   -lc"
checked program was:
/* begin */
1: #include "ruby.h"
2: 
3: int main(int argc, char **argv)
4: {
5:   return 0;
6: }
/* end */

"gcc -E -I/home/papaya/.rbenv/versions/1.9.3-p448/include/ruby-1.9.1/i686-linux -I/home/papaya/.rbenv/versions/1.9.3-p448/include/ruby-1.9.1/ruby/backward -I/home/papaya/.rbenv/versions/1.9.3-p448/include/ruby-1.9.1 -I. -I/usr/local/include -I/opt/local/include -I/usr/include -I/home/papaya/.rbenv/versions/1.9.3-p448/include  -D_FILE_OFFSET_BITS=64 -I/home/papaya/.rbenv/versions/1.9.3-p448/include   -O3 -ggdb -Wall -Wextra -Wno-unused-parameter -Wno-parentheses -Wno-long-long -Wno-missing-field-initializers -Wpointer-arith -Wwrite-strings -Wdeclaration-after-statement -Wimplicit-function-declaration -Wall  -DHAVE_NO_DATETIME_NEWBANG  conftest.c -o conftest.i"
checked program was:
/* begin */
1: #include "ruby.h"
2: 
3: #include <sqlite3.h>
/* end */

--------------------

have_library: checking for sqlite3_open() in -lsqlite3... -------------------- yes

"gcc -o conftest -I/home/papaya/.rbenv/versions/1.9.3-p448/include/ruby-1.9.1/i686-linux -I/home/papaya/.rbenv/versions/1.9.3-p448/include/ruby-1.9.1/ruby/backward -I/home/papaya/.rbenv/versions/1.9.3-p448/include/ruby-1.9.1 -I. -I/usr/local/include -I/opt/local/include -I/usr/include -I/home/papaya/.rbenv/versions/1.9.3-p448/include  -D_FILE_OFFSET_BITS=64 -I/home/papaya/.rbenv/versions/1.9.3-p448/include   -O3 -ggdb -Wall -Wextra -Wno-unused-parameter -Wno-parentheses -Wno-long-long -Wno-missing-field-initializers -Wpointer-arith -Wwrite-strings -Wdeclaration-after-statement -Wimplicit-function-declaration -Wall  -DHAVE_NO_DATETIME_NEWBANG conftest.c  -L. -L/home/papaya/.rbenv/versions/1.9.3-p448/lib -Wl,-R/home/papaya/.rbenv/versions/1.9.3-p448/lib -L/usr/local/lib -Wl,-R/usr/local/lib -L/opt/local/lib -Wl,-R/opt/local/lib -L/usr/lib -Wl,-R/usr/lib -L. -L/home/papaya/.rbenv/versions/1.9.3-p448/lib  -rdynamic -Wl,-export-dynamic     -Wl,-R -Wl,/home/papaya/.rbenv/versions/1.9.3-p448/lib -L/home/papaya/.rbenv/versions/1.9.3-p448/lib -lruby-static -lsqlite3  -lpthread -lrt -ldl -lcrypt -lm   -lc"
conftest.c: In function ‘t’:
conftest.c:4:53: error: ‘sqlite3_open’ undeclared (first use in this function)
 int t() { void ((*volatile p)()); p = (void ((*)()))sqlite3_open; return 0; }
                                                     ^
conftest.c:4:53: note: each undeclared identifier is reported only once for each function it appears in
conftest.c:4:28: warning: variable ‘p’ set but not used [-Wunused-but-set-variable]
 int t() { void ((*volatile p)()); p = (void ((*)()))sqlite3_open; return 0; }
                            ^
checked program was:
/* begin */
 1: #include "ruby.h"
 2: 
 3: /*top*/
 4: int t() { void ((*volatile p)()); p = (void ((*)()))sqlite3_open; return 0; }
 5: int main(int argc, char **argv)
 6: {
 7:   if (argc > 1000000) {
 8:     printf("%p", &t);
 9:   }
10: 
11:   return 0;
12: }
/* end */

"gcc -o conftest -I/home/papaya/.rbenv/versions/1.9.3-p448/include/ruby-1.9.1/i686-linux -I/home/papaya/.rbenv/versions/1.9.3-p448/include/ruby-1.9.1/ruby/backward -I/home/papaya/.rbenv/versions/1.9.3-p448/include/ruby-1.9.1 -I. -I/usr/local/include -I/opt/local/include -I/usr/include -I/home/papaya/.rbenv/versions/1.9.3-p448/include  -D_FILE_OFFSET_BITS=64 -I/home/papaya/.rbenv/versions/1.9.3-p448/include   -O3 -ggdb -Wall -Wextra -Wno-unused-parameter -Wno-parentheses -Wno-long-long -Wno-missing-field-initializers -Wpointer-arith -Wwrite-strings -Wdeclaration-after-statement -Wimplicit-function-declaration -Wall  -DHAVE_NO_DATETIME_NEWBANG conftest.c  -L. -L/home/papaya/.rbenv/versions/1.9.3-p448/lib -Wl,-R/home/papaya/.rbenv/versions/1.9.3-p448/lib -L/usr/local/lib -Wl,-R/usr/local/lib -L/opt/local/lib -Wl,-R/opt/local/lib -L/usr/lib -Wl,-R/usr/lib -L. -L/home/papaya/.rbenv/versions/1.9.3-p448/lib  -rdynamic -Wl,-export-dynamic     -Wl,-R -Wl,/home/papaya/.rbenv/versions/1.9.3-p448/lib -L/home/papaya/.rbenv/versions/1.9.3-p448/lib -lruby-static -lsqlite3  -lpthread -lrt -ldl -lcrypt -lm   -lc"
conftest.c: In function ‘t’:
conftest.c:4:11: warning: implicit declaration of function ‘sqlite3_open’ [-Wimplicit-function-declaration]
 int t() { sqlite3_open(); return 0; }
           ^
checked program was:
/* begin */
 1: #include "ruby.h"
 2: 
 3: /*top*/
 4: int t() { sqlite3_open(); return 0; }
 5: int main(int argc, char **argv)
 6: {
 7:   if (argc > 1000000) {
 8:     printf("%p", &t);
 9:   }
10: 
11:   return 0;
12: }
/* end */

--------------------

have_func: checking for localtime_r()... -------------------- yes

"gcc -o conftest -I/home/papaya/.rbenv/versions/1.9.3-p448/include/ruby-1.9.1/i686-linux -I/home/papaya/.rbenv/versions/1.9.3-p448/include/ruby-1.9.1/ruby/backward -I/home/papaya/.rbenv/versions/1.9.3-p448/include/ruby-1.9.1 -I. -I/usr/local/include -I/opt/local/include -I/usr/include -I/home/papaya/.rbenv/versions/1.9.3-p448/include  -D_FILE_OFFSET_BITS=64 -I/home/papaya/.rbenv/versions/1.9.3-p448/include   -O3 -ggdb -Wall -Wextra -Wno-unused-parameter -Wno-parentheses -Wno-long-long -Wno-missing-field-initializers -Wpointer-arith -Wwrite-strings -Wdeclaration-after-statement -Wimplicit-function-declaration -Wall  -DHAVE_NO_DATETIME_NEWBANG conftest.c  -L. -L/home/papaya/.rbenv/versions/1.9.3-p448/lib -Wl,-R/home/papaya/.rbenv/versions/1.9.3-p448/lib -L/usr/local/lib -Wl,-R/usr/local/lib -L/opt/local/lib -Wl,-R/opt/local/lib -L/usr/lib -Wl,-R/usr/lib -L. -L/home/papaya/.rbenv/versions/1.9.3-p448/lib  -rdynamic -Wl,-export-dynamic    -lsqlite3  -Wl,-R -Wl,/home/papaya/.rbenv/versions/1.9.3-p448/lib -L/home/papaya/.rbenv/versions/1.9.3-p448/lib -lruby-static -lsqlite3  -lpthread -lrt -ldl -lcrypt -lm   -lc"
conftest.c: In function ‘t’:
conftest.c:4:53: error: ‘localtime_r’ undeclared (first use in this function)
 int t() { void ((*volatile p)()); p = (void ((*)()))localtime_r; return 0; }
                                                     ^
conftest.c:4:53: note: each undeclared identifier is reported only once for each function it appears in
conftest.c:4:28: warning: variable ‘p’ set but not used [-Wunused-but-set-variable]
 int t() { void ((*volatile p)()); p = (void ((*)()))localtime_r; return 0; }
                            ^
checked program was:
/* begin */
 1: #include "ruby.h"
 2: 
 3: /*top*/
 4: int t() { void ((*volatile p)()); p = (void ((*)()))localtime_r; return 0; }
 5: int main(int argc, char **argv)
 6: {
 7:   if (argc > 1000000) {
 8:     printf("%p", &t);
 9:   }
10: 
11:   return 0;
12: }
/* end */

"gcc -o conftest -I/home/papaya/.rbenv/versions/1.9.3-p448/include/ruby-1.9.1/i686-linux -I/home/papaya/.rbenv/versions/1.9.3-p448/include/ruby-1.9.1/ruby/backward -I/home/papaya/.rbenv/versions/1.9.3-p448/include/ruby-1.9.1 -I. -I/usr/local/include -I/opt/local/include -I/usr/include -I/home/papaya/.rbenv/versions/1.9.3-p448/include  -D_FILE_OFFSET_BITS=64 -I/home/papaya/.rbenv/versions/1.9.3-p448/include   -O3 -ggdb -Wall -Wextra -Wno-unused-parameter -Wno-parentheses -Wno-long-long -Wno-missing-field-initializers -Wpointer-arith -Wwrite-strings -Wdeclaration-after-statement -Wimplicit-function-declaration -Wall  -DHAVE_NO_DATETIME_NEWBANG conftest.c  -L. -L/home/papaya/.rbenv/versions/1.9.3-p448/lib -Wl,-R/home/papaya/.rbenv/versions/1.9.3-p448/lib -L/usr/local/lib -Wl,-R/usr/local/lib -L/opt/local/lib -Wl,-R/opt/local/lib -L/usr/lib -Wl,-R/usr/lib -L. -L/home/papaya/.rbenv/versions/1.9.3-p448/lib  -rdynamic -Wl,-export-dynamic    -lsqlite3  -Wl,-R -Wl,/home/papaya/.rbenv/versions/1.9.3-p448/lib -L/home/papaya/.rbenv/versions/1.9.3-p448/lib -lruby-static -lsqlite3  -lpthread -lrt -ldl -lcrypt -lm   -lc"
conftest.c: In function ‘t’:
conftest.c:4:11: warning: implicit declaration of function ‘localtime_r’ [-Wimplicit-function-declaration]
 int t() { localtime_r(); return 0; }
           ^
checked program was:
/* begin */
 1: #include "ruby.h"
 2: 
 3: /*top*/
 4: int t() { localtime_r(); return 0; }
 5: int main(int argc, char **argv)
 6: {
 7:   if (argc > 1000000) {
 8:     printf("%p", &t);
 9:   }
10: 
11:   return 0;
12: }
/* end */

--------------------

have_func: checking for gmtime_r()... -------------------- yes

"gcc -o conftest -I/home/papaya/.rbenv/versions/1.9.3-p448/include/ruby-1.9.1/i686-linux -I/home/papaya/.rbenv/versions/1.9.3-p448/include/ruby-1.9.1/ruby/backward -I/home/papaya/.rbenv/versions/1.9.3-p448/include/ruby-1.9.1 -I. -I/usr/local/include -I/opt/local/include -I/usr/include -I/home/papaya/.rbenv/versions/1.9.3-p448/include  -D_FILE_OFFSET_BITS=64 -I/home/papaya/.rbenv/versions/1.9.3-p448/include   -O3 -ggdb -Wall -Wextra -Wno-unused-parameter -Wno-parentheses -Wno-long-long -Wno-missing-field-initializers -Wpointer-arith -Wwrite-strings -Wdeclaration-after-statement -Wimplicit-function-declaration -Wall  -DHAVE_NO_DATETIME_NEWBANG conftest.c  -L. -L/home/papaya/.rbenv/versions/1.9.3-p448/lib -Wl,-R/home/papaya/.rbenv/versions/1.9.3-p448/lib -L/usr/local/lib -Wl,-R/usr/local/lib -L/opt/local/lib -Wl,-R/opt/local/lib -L/usr/lib -Wl,-R/usr/lib -L. -L/home/papaya/.rbenv/versions/1.9.3-p448/lib  -rdynamic -Wl,-export-dynamic    -lsqlite3  -Wl,-R -Wl,/home/papaya/.rbenv/versions/1.9.3-p448/lib -L/home/papaya/.rbenv/versions/1.9.3-p448/lib -lruby-static -lsqlite3  -lpthread -lrt -ldl -lcrypt -lm   -lc"
conftest.c: In function ‘t’:
conftest.c:4:53: error: ‘gmtime_r’ undeclared (first use in this function)
 int t() { void ((*volatile p)()); p = (void ((*)()))gmtime_r; return 0; }
                                                     ^
conftest.c:4:53: note: each undeclared identifier is reported only once for each function it appears in
conftest.c:4:28: warning: variable ‘p’ set but not used [-Wunused-but-set-variable]
 int t() { void ((*volatile p)()); p = (void ((*)()))gmtime_r; return 0; }
                            ^
checked program was:
/* begin */
 1: #include "ruby.h"
 2: 
 3: /*top*/
 4: int t() { void ((*volatile p)()); p = (void ((*)()))gmtime_r; return 0; }
 5: int main(int argc, char **argv)
 6: {
 7:   if (argc > 1000000) {
 8:     printf("%p", &t);
 9:   }
10: 
11:   return 0;
12: }
/* end */

"gcc -o conftest -I/home/papaya/.rbenv/versions/1.9.3-p448/include/ruby-1.9.1/i686-linux -I/home/papaya/.rbenv/versions/1.9.3-p448/include/ruby-1.9.1/ruby/backward -I/home/papaya/.rbenv/versions/1.9.3-p448/include/ruby-1.9.1 -I. -I/usr/local/include -I/opt/local/include -I/usr/include -I/home/papaya/.rbenv/versions/1.9.3-p448/include  -D_FILE_OFFSET_BITS=64 -I/home/papaya/.rbenv/versions/1.9.3-p448/include   -O3 -ggdb -Wall -Wextra -Wno-unused-parameter -Wno-parentheses -Wno-long-long -Wno-missing-field-initializers -Wpointer-arith -Wwrite-strings -Wdeclaration-after-statement -Wimplicit-function-declaration -Wall  -DHAVE_NO_DATETIME_NEWBANG conftest.c  -L. -L/home/papaya/.rbenv/versions/1.9.3-p448/lib -Wl,-R/home/papaya/.rbenv/versions/1.9.3-p448/lib -L/usr/local/lib -Wl,-R/usr/local/lib -L/opt/local/lib -Wl,-R/opt/local/lib -L/usr/lib -Wl,-R/usr/lib -L. -L/home/papaya/.rbenv/versions/1.9.3-p448/lib  -rdynamic -Wl,-export-dynamic    -lsqlite3  -Wl,-R -Wl,/home/papaya/.rbenv/versions/1.9.3-p448/lib -L/home/papaya/.rbenv/versions/1.9.3-p448/lib -lruby-static -lsqlite3  -lpthread -lrt -ldl -lcrypt -lm   -lc"
conftest.c: In function ‘t’:
conftest.c:4:11: warning: implicit declaration of function ‘gmtime_r’ [-Wimplicit-function-declaration]
 int t() { gmtime_r(); return 0; }
           ^
checked program was:
/* begin */
 1: #include "ruby.h"
 2: 
 3: /*top*/
 4: int t() { gmtime_r(); return 0; }
 5: int main(int argc, char **argv)
 6: {
 7:   if (argc > 1000000) {
 8:     printf("%p", &t);
 9:   }
10: 
11:   return 0;
12: }
/* end */

--------------------

have_func: checking for sqlite3_prepare_v2()... -------------------- yes

"gcc -o conftest -I/home/papaya/.rbenv/versions/1.9.3-p448/include/ruby-1.9.1/i686-linux -I/home/papaya/.rbenv/versions/1.9.3-p448/include/ruby-1.9.1/ruby/backward -I/home/papaya/.rbenv/versions/1.9.3-p448/include/ruby-1.9.1 -I. -I/usr/local/include -I/opt/local/include -I/usr/include -I/home/papaya/.rbenv/versions/1.9.3-p448/include  -D_FILE_OFFSET_BITS=64 -I/home/papaya/.rbenv/versions/1.9.3-p448/include   -O3 -ggdb -Wall -Wextra -Wno-unused-parameter -Wno-parentheses -Wno-long-long -Wno-missing-field-initializers -Wpointer-arith -Wwrite-strings -Wdeclaration-after-statement -Wimplicit-function-declaration -Wall  -DHAVE_NO_DATETIME_NEWBANG conftest.c  -L. -L/home/papaya/.rbenv/versions/1.9.3-p448/lib -Wl,-R/home/papaya/.rbenv/versions/1.9.3-p448/lib -L/usr/local/lib -Wl,-R/usr/local/lib -L/opt/local/lib -Wl,-R/opt/local/lib -L/usr/lib -Wl,-R/usr/lib -L. -L/home/papaya/.rbenv/versions/1.9.3-p448/lib  -rdynamic -Wl,-export-dynamic    -lsqlite3  -Wl,-R -Wl,/home/papaya/.rbenv/versions/1.9.3-p448/lib -L/home/papaya/.rbenv/versions/1.9.3-p448/lib -lruby-static -lsqlite3  -lpthread -lrt -ldl -lcrypt -lm   -lc"
conftest.c: In function ‘t’:
conftest.c:4:53: error: ‘sqlite3_prepare_v2’ undeclared (first use in this function)
 int t() { void ((*volatile p)()); p = (void ((*)()))sqlite3_prepare_v2; return 0; }
                                                     ^
conftest.c:4:53: note: each undeclared identifier is reported only once for each function it appears in
conftest.c:4:28: warning: variable ‘p’ set but not used [-Wunused-but-set-variable]
 int t() { void ((*volatile p)()); p = (void ((*)()))sqlite3_prepare_v2; return 0; }
                            ^
checked program was:
/* begin */
 1: #include "ruby.h"
 2: 
 3: /*top*/
 4: int t() { void ((*volatile p)()); p = (void ((*)()))sqlite3_prepare_v2; return 0; }
 5: int main(int argc, char **argv)
 6: {
 7:   if (argc > 1000000) {
 8:     printf("%p", &t);
 9:   }
10: 
11:   return 0;
12: }
/* end */

"gcc -o conftest -I/home/papaya/.rbenv/versions/1.9.3-p448/include/ruby-1.9.1/i686-linux -I/home/papaya/.rbenv/versions/1.9.3-p448/include/ruby-1.9.1/ruby/backward -I/home/papaya/.rbenv/versions/1.9.3-p448/include/ruby-1.9.1 -I. -I/usr/local/include -I/opt/local/include -I/usr/include -I/home/papaya/.rbenv/versions/1.9.3-p448/include  -D_FILE_OFFSET_BITS=64 -I/home/papaya/.rbenv/versions/1.9.3-p448/include   -O3 -ggdb -Wall -Wextra -Wno-unused-parameter -Wno-parentheses -Wno-long-long -Wno-missing-field-initializers -Wpointer-arith -Wwrite-strings -Wdeclaration-after-statement -Wimplicit-function-declaration -Wall  -DHAVE_NO_DATETIME_NEWBANG conftest.c  -L. -L/home/papaya/.rbenv/versions/1.9.3-p448/lib -Wl,-R/home/papaya/.rbenv/versions/1.9.3-p448/lib -L/usr/local/lib -Wl,-R/usr/local/lib -L/opt/local/lib -Wl,-R/opt/local/lib -L/usr/lib -Wl,-R/usr/lib -L. -L/home/papaya/.rbenv/versions/1.9.3-p448/lib  -rdynamic -Wl,-export-dynamic    -lsqlite3  -Wl,-R -Wl,/home/papaya/.rbenv/versions/1.9.3-p448/lib -L/home/papaya/.rbenv/versions/1.9.3-p448/lib -lruby-static -lsqlite3  -lpthread -lrt -ldl -lcrypt -lm   -lc"
conftest.c: In function ‘t’:
conftest.c:4:11: warning: implicit declaration of function ‘sqlite3_prepare_v2’ [-Wimplicit-function-declaration]
 int t() { sqlite3_prepare_v2(); return 0; }
           ^
checked program was:
/* begin */
 1: #include "ruby.h"
 2: 
 3: /*top*/
 4: int t() { sqlite3_prepare_v2(); return 0; }
 5: int main(int argc, char **argv)
 6: {
 7:   if (argc > 1000000) {
 8:     printf("%p", &t);
 9:   }
10: 
11:   return 0;
12: }
/* end */

--------------------

have_func: checking for sqlite3_open_v2()... -------------------- yes

"gcc -o conftest -I/home/papaya/.rbenv/versions/1.9.3-p448/include/ruby-1.9.1/i686-linux -I/home/papaya/.rbenv/versions/1.9.3-p448/include/ruby-1.9.1/ruby/backward -I/home/papaya/.rbenv/versions/1.9.3-p448/include/ruby-1.9.1 -I. -I/usr/local/include -I/opt/local/include -I/usr/include -I/home/papaya/.rbenv/versions/1.9.3-p448/include  -D_FILE_OFFSET_BITS=64 -I/home/papaya/.rbenv/versions/1.9.3-p448/include   -O3 -ggdb -Wall -Wextra -Wno-unused-parameter -Wno-parentheses -Wno-long-long -Wno-missing-field-initializers -Wpointer-arith -Wwrite-strings -Wdeclaration-after-statement -Wimplicit-function-declaration -Wall  -DHAVE_NO_DATETIME_NEWBANG conftest.c  -L. -L/home/papaya/.rbenv/versions/1.9.3-p448/lib -Wl,-R/home/papaya/.rbenv/versions/1.9.3-p448/lib -L/usr/local/lib -Wl,-R/usr/local/lib -L/opt/local/lib -Wl,-R/opt/local/lib -L/usr/lib -Wl,-R/usr/lib -L. -L/home/papaya/.rbenv/versions/1.9.3-p448/lib  -rdynamic -Wl,-export-dynamic    -lsqlite3  -Wl,-R -Wl,/home/papaya/.rbenv/versions/1.9.3-p448/lib -L/home/papaya/.rbenv/versions/1.9.3-p448/lib -lruby-static -lsqlite3  -lpthread -lrt -ldl -lcrypt -lm   -lc"
conftest.c: In function ‘t’:
conftest.c:4:53: error: ‘sqlite3_open_v2’ undeclared (first use in this function)
 int t() { void ((*volatile p)()); p = (void ((*)()))sqlite3_open_v2; return 0; }
                                                     ^
conftest.c:4:53: note: each undeclared identifier is reported only once for each function it appears in
conftest.c:4:28: warning: variable ‘p’ set but not used [-Wunused-but-set-variable]
 int t() { void ((*volatile p)()); p = (void ((*)()))sqlite3_open_v2; return 0; }
                            ^
checked program was:
/* begin */
 1: #include "ruby.h"
 2: 
 3: /*top*/
 4: int t() { void ((*volatile p)()); p = (void ((*)()))sqlite3_open_v2; return 0; }
 5: int main(int argc, char **argv)
 6: {
 7:   if (argc > 1000000) {
 8:     printf("%p", &t);
 9:   }
10: 
11:   return 0;
12: }
/* end */

"gcc -o conftest -I/home/papaya/.rbenv/versions/1.9.3-p448/include/ruby-1.9.1/i686-linux -I/home/papaya/.rbenv/versions/1.9.3-p448/include/ruby-1.9.1/ruby/backward -I/home/papaya/.rbenv/versions/1.9.3-p448/include/ruby-1.9.1 -I. -I/usr/local/include -I/opt/local/include -I/usr/include -I/home/papaya/.rbenv/versions/1.9.3-p448/include  -D_FILE_OFFSET_BITS=64 -I/home/papaya/.rbenv/versions/1.9.3-p448/include   -O3 -ggdb -Wall -Wextra -Wno-unused-parameter -Wno-parentheses -Wno-long-long -Wno-missing-field-initializers -Wpointer-arith -Wwrite-strings -Wdeclaration-after-statement -Wimplicit-function-declaration -Wall  -DHAVE_NO_DATETIME_NEWBANG conftest.c  -L. -L/home/papaya/.rbenv/versions/1.9.3-p448/lib -Wl,-R/home/papaya/.rbenv/versions/1.9.3-p448/lib -L/usr/local/lib -Wl,-R/usr/local/lib -L/opt/local/lib -Wl,-R/opt/local/lib -L/usr/lib -Wl,-R/usr/lib -L. -L/home/papaya/.rbenv/versions/1.9.3-p448/lib  -rdynamic -Wl,-export-dynamic    -lsqlite3  -Wl,-R -Wl,/home/papaya/.rbenv/versions/1.9.3-p448/lib -L/home/papaya/.rbenv/versions/1.9.3-p448/lib -lruby-static -lsqlite3  -lpthread -lrt -ldl -lcrypt -lm   -lc"
conftest.c: In function ‘t’:
conftest.c:4:11: warning: implicit declaration of function ‘sqlite3_open_v2’ [-Wimplicit-function-declaration]
 int t() { sqlite3_open_v2(); return 0; }
           ^
checked program was:
/* begin */
 1: #include "ruby.h"
 2: 
 3: /*top*/
 4: int t() { sqlite3_open_v2(); return 0; }
 5: int main(int argc, char **argv)
 6: {
 7:   if (argc > 1000000) {
 8:     printf("%p", &t);
 9:   }
10: 
11:   return 0;
12: }
/* end */

--------------------

have_func: checking for sqlite3_enable_load_extension()... -------------------- yes

"gcc -o conftest -I/home/papaya/.rbenv/versions/1.9.3-p448/include/ruby-1.9.1/i686-linux -I/home/papaya/.rbenv/versions/1.9.3-p448/include/ruby-1.9.1/ruby/backward -I/home/papaya/.rbenv/versions/1.9.3-p448/include/ruby-1.9.1 -I. -I/usr/local/include -I/opt/local/include -I/usr/include -I/home/papaya/.rbenv/versions/1.9.3-p448/include  -D_FILE_OFFSET_BITS=64 -I/home/papaya/.rbenv/versions/1.9.3-p448/include   -O3 -ggdb -Wall -Wextra -Wno-unused-parameter -Wno-parentheses -Wno-long-long -Wno-missing-field-initializers -Wpointer-arith -Wwrite-strings -Wdeclaration-after-statement -Wimplicit-function-declaration -Wall  -DHAVE_NO_DATETIME_NEWBANG conftest.c  -L. -L/home/papaya/.rbenv/versions/1.9.3-p448/lib -Wl,-R/home/papaya/.rbenv/versions/1.9.3-p448/lib -L/usr/local/lib -Wl,-R/usr/local/lib -L/opt/local/lib -Wl,-R/opt/local/lib -L/usr/lib -Wl,-R/usr/lib -L. -L/home/papaya/.rbenv/versions/1.9.3-p448/lib  -rdynamic -Wl,-export-dynamic    -lsqlite3  -Wl,-R -Wl,/home/papaya/.rbenv/versions/1.9.3-p448/lib -L/home/papaya/.rbenv/versions/1.9.3-p448/lib -lruby-static -lsqlite3  -lpthread -lrt -ldl -lcrypt -lm   -lc"
conftest.c: In function ‘t’:
conftest.c:4:53: error: ‘sqlite3_enable_load_extension’ undeclared (first use in this function)
 int t() { void ((*volatile p)()); p = (void ((*)()))sqlite3_enable_load_extension; return 0; }
                                                     ^
conftest.c:4:53: note: each undeclared identifier is reported only once for each function it appears in
conftest.c:4:28: warning: variable ‘p’ set but not used [-Wunused-but-set-variable]
 int t() { void ((*volatile p)()); p = (void ((*)()))sqlite3_enable_load_extension; return 0; }
                            ^
checked program was:
/* begin */
 1: #include "ruby.h"
 2: 
 3: /*top*/
 4: int t() { void ((*volatile p)()); p = (void ((*)()))sqlite3_enable_load_extension; return 0; }
 5: int main(int argc, char **argv)
 6: {
 7:   if (argc > 1000000) {
 8:     printf("%p", &t);
 9:   }
10: 
11:   return 0;
12: }
/* end */

"gcc -o conftest -I/home/papaya/.rbenv/versions/1.9.3-p448/include/ruby-1.9.1/i686-linux -I/home/papaya/.rbenv/versions/1.9.3-p448/include/ruby-1.9.1/ruby/backward -I/home/papaya/.rbenv/versions/1.9.3-p448/include/ruby-1.9.1 -I. -I/usr/local/include -I/opt/local/include -I/usr/include -I/home/papaya/.rbenv/versions/1.9.3-p448/include  -D_FILE_OFFSET_BITS=64 -I/home/papaya/.rbenv/versions/1.9.3-p448/include   -O3 -ggdb -Wall -Wextra -Wno-unused-parameter -Wno-parentheses -Wno-long-long -Wno-missing-field-initializers -Wpointer-arith -Wwrite-strings -Wdeclaration-after-statement -Wimplicit-function-declaration -Wall  -DHAVE_NO_DATETIME_NEWBANG conftest.c  -L. -L/home/papaya/.rbenv/versions/1.9.3-p448/lib -Wl,-R/home/papaya/.rbenv/versions/1.9.3-p448/lib -L/usr/local/lib -Wl,-R/usr/local/lib -L/opt/local/lib -Wl,-R/opt/local/lib -L/usr/lib -Wl,-R/usr/lib -L. -L/home/papaya/.rbenv/versions/1.9.3-p448/lib  -rdynamic -Wl,-export-dynamic    -lsqlite3  -Wl,-R -Wl,/home/papaya/.rbenv/versions/1.9.3-p448/lib -L/home/papaya/.rbenv/versions/1.9.3-p448/lib -lruby-static -lsqlite3  -lpthread -lrt -ldl -lcrypt -lm   -lc"
conftest.c: In function ‘t’:
conftest.c:4:11: warning: implicit declaration of function ‘sqlite3_enable_load_extension’ [-Wimplicit-function-declaration]
 int t() { sqlite3_enable_load_extension(); return 0; }
           ^
checked program was:
/* begin */
 1: #include "ruby.h"
 2: 
 3: /*top*/
 4: int t() { sqlite3_enable_load_extension(); return 0; }
 5: int main(int argc, char **argv)
 6: {
 7:   if (argc > 1000000) {
 8:     printf("%p", &t);
 9:   }
10: 
11:   return 0;
12: }
/* end */

--------------------

